[2024-9-4 14:34:55] [INFO] Booting the 'HTTP' middleware...
[2024-9-4 14:34:55] [INFO] Booting the 'Views' middleware...
[2024-9-4 14:34:55] [INFO] Booting the 'CORS' middleware...
[2024-9-4 14:34:55] [INFO] Routes :: Mounting API Routes...
[2024-9-4 14:34:55] [INFO] Booting the 'Views' middleware...
[2024-9-4 14:35:9] [INFO] Booting the 'HTTP' middleware...
[2024-9-4 14:35:9] [INFO] Booting the 'CORS' middleware...
[2024-9-4 14:35:9] [INFO] Booting the 'Views' middleware...
[2024-9-4 14:35:9] [INFO] Routes :: Mounting API Routes...
[2024-9-4 14:35:9] [INFO] Booting the 'Views' middleware...
[2024-9-4 14:36:44] [INFO] Booting the 'CORS' middleware...
[2024-9-4 14:36:44] [INFO] Booting the 'HTTP' middleware...
[2024-9-4 14:36:44] [INFO] Booting the 'Views' middleware...
[2024-9-4 14:36:44] [INFO] Routes :: Mounting API Routes...
[2024-9-4 14:36:44] [INFO] Booting the 'Views' middleware...
[2024-9-4 14:36:46] [INFO] Booting the 'CORS' middleware...
[2024-9-4 14:36:46] [INFO] Booting the 'HTTP' middleware...
[2024-9-4 14:36:46] [INFO] Booting the 'Views' middleware...
[2024-9-4 14:36:46] [INFO] Booting the 'Views' middleware...
[2024-9-4 14:36:46] [INFO] Routes :: Mounting API Routes...
[2024-9-4 14:36:51] [INFO] Booting the 'CORS' middleware...
[2024-9-4 14:36:51] [INFO] Booting the 'HTTP' middleware...
[2024-9-4 14:36:51] [INFO] Booting the 'Views' middleware...
[2024-9-4 14:36:51] [INFO] Booting the 'Views' middleware...
[2024-9-4 14:36:51] [INFO] Routes :: Mounting API Routes...
[2024-9-4 14:36:52] [INFO] Booting the 'CORS' middleware...
[2024-9-4 14:36:52] [INFO] Booting the 'HTTP' middleware...
[2024-9-4 14:36:52] [INFO] Booting the 'Views' middleware...
[2024-9-4 14:36:52] [INFO] Routes :: Mounting API Routes...
[2024-9-4 14:36:52] [INFO] Booting the 'Views' middleware...
[2024-9-4 14:37:35] [INFO] Booting the 'CORS' middleware...
[2024-9-4 14:37:35] [INFO] Booting the 'HTTP' middleware...
[2024-9-4 14:37:35] [INFO] Booting the 'Views' middleware...
[2024-9-4 14:37:35] [INFO] Booting the 'Views' middleware...
[2024-9-4 14:37:35] [INFO] Routes :: Mounting API Routes...
[2024-9-4 14:37:38] [INFO] Booting the 'CORS' middleware...
[2024-9-4 14:37:38] [INFO] Booting the 'HTTP' middleware...
[2024-9-4 14:37:38] [INFO] Booting the 'Views' middleware...
[2024-9-4 14:37:38] [INFO] Booting the 'Views' middleware...
[2024-9-4 14:37:38] [INFO] Routes :: Mounting API Routes...
[2024-9-4 14:37:39] [INFO] Booting the 'CORS' middleware...
[2024-9-4 14:37:39] [INFO] Booting the 'HTTP' middleware...
[2024-9-4 14:37:39] [INFO] Booting the 'Views' middleware...
[2024-9-4 14:37:39] [INFO] Routes :: Mounting API Routes...
[2024-9-4 14:37:39] [INFO] Booting the 'Views' middleware...
[2024-9-4 14:37:52] [INFO] Booting the 'CORS' middleware...
[2024-9-4 14:37:52] [INFO] Booting the 'HTTP' middleware...
[2024-9-4 14:37:52] [INFO] Booting the 'Views' middleware...
[2024-9-4 14:37:52] [INFO] Booting the 'Views' middleware...
[2024-9-4 14:37:52] [INFO] Routes :: Mounting API Routes...
[2024-9-4 14:37:52] [INFO] Connected to MySQL server at: 
[2024-9-4 14:37:54] [INFO] Booting the 'CORS' middleware...
[2024-9-4 14:37:54] [INFO] Booting the 'HTTP' middleware...
[2024-9-4 14:37:54] [INFO] Booting the 'Views' middleware...
[2024-9-4 14:37:54] [INFO] Booting the 'Views' middleware...
[2024-9-4 14:37:54] [INFO] Routes :: Mounting API Routes...
[2024-9-4 14:37:54] [INFO] Connected to MySQL server at: 
[2024-9-4 14:47:53] [INFO] Booting the 'HTTP' middleware...
[2024-9-4 14:47:53] [INFO] Booting the 'CORS' middleware...
[2024-9-4 14:47:53] [INFO] Booting the 'Views' middleware...
[2024-9-4 14:47:53] [INFO] Booting the 'Views' middleware...
[2024-9-4 14:47:53] [INFO] Routes :: Mounting API Routes...
[2024-9-4 14:47:53] [INFO] Connected to MySQL server at: 
[2024-9-4 14:48:44] [INFO] Booting the 'HTTP' middleware...
[2024-9-4 14:48:44] [INFO] Booting the 'CORS' middleware...
[2024-9-4 14:48:44] [INFO] Booting the 'Views' middleware...
[2024-9-4 14:48:44] [INFO] Booting the 'Views' middleware...
[2024-9-4 14:48:44] [INFO] Routes :: Mounting API Routes...
[2024-9-4 14:48:44] [INFO] Connected to MySQL server at: 
[2024-9-4 14:49:11] [INFO] Booting the 'CORS' middleware...
[2024-9-4 14:49:11] [INFO] Booting the 'HTTP' middleware...
[2024-9-4 14:49:11] [INFO] Booting the 'Views' middleware...
[2024-9-4 14:49:11] [INFO] Booting the 'Views' middleware...
[2024-9-4 14:49:11] [INFO] Routes :: Mounting API Routes...
[2024-9-4 14:49:11] [INFO] Connected to MySQL server at: 
[2024-9-4 14:49:28] [INFO] Booting the 'CORS' middleware...
[2024-9-4 14:49:28] [INFO] Booting the 'HTTP' middleware...
[2024-9-4 14:49:28] [INFO] Booting the 'Views' middleware...
[2024-9-4 14:49:28] [INFO] Booting the 'Views' middleware...
[2024-9-4 14:49:28] [INFO] Routes :: Mounting API Routes...
[2024-9-4 14:49:28] [INFO] Connected to MySQL server at: 
[2024-9-4 14:49:39] [INFO] Booting the 'CORS' middleware...
[2024-9-4 14:49:39] [INFO] Booting the 'HTTP' middleware...
[2024-9-4 14:49:39] [INFO] Booting the 'Views' middleware...
[2024-9-4 14:49:39] [INFO] Booting the 'Views' middleware...
[2024-9-4 14:49:39] [INFO] Routes :: Mounting API Routes...
[2024-9-4 14:49:39] [INFO] Connected to MySQL server at: 
[2024-9-4 14:49:44] [INFO] Booting the 'CORS' middleware...
[2024-9-4 14:49:44] [INFO] Booting the 'HTTP' middleware...
[2024-9-4 14:49:44] [INFO] Booting the 'Views' middleware...
[2024-9-4 14:49:44] [INFO] Booting the 'Views' middleware...
[2024-9-4 14:49:44] [INFO] Routes :: Mounting API Routes...
[2024-9-4 14:49:44] [INFO] Connected to MySQL server at: 
[2024-9-4 14:50:48] [INFO] Booting the 'HTTP' middleware...
[2024-9-4 14:50:48] [INFO] Booting the 'CORS' middleware...
[2024-9-4 14:50:48] [INFO] Booting the 'Views' middleware...
[2024-9-4 14:50:48] [INFO] Routes :: Mounting API Routes...
[2024-9-4 14:50:48] [INFO] Booting the 'Views' middleware...
[2024-9-4 14:50:48] [INFO] Connected to MySQL server at: 
[2024-9-4 14:50:49] [INFO] Booting the 'CORS' middleware...
[2024-9-4 14:50:49] [INFO] Booting the 'HTTP' middleware...
[2024-9-4 14:50:49] [INFO] Booting the 'Views' middleware...
[2024-9-4 14:50:49] [INFO] Booting the 'Views' middleware...
[2024-9-4 14:50:49] [INFO] Routes :: Mounting API Routes...
[2024-9-4 14:50:49] [INFO] Connected to MySQL server at: 
[2024-9-4 14:50:56] [INFO] Booting the 'CORS' middleware...
[2024-9-4 14:50:56] [INFO] Booting the 'HTTP' middleware...
[2024-9-4 14:50:56] [INFO] Booting the 'Views' middleware...
[2024-9-4 14:50:56] [INFO] Booting the 'Views' middleware...
[2024-9-4 14:50:56] [INFO] Routes :: Mounting API Routes...
[2024-9-4 14:50:56] [INFO] Connected to MySQL server at: 
[2024-9-4 14:51:1] [INFO] Booting the 'CORS' middleware...
[2024-9-4 14:51:1] [INFO] Booting the 'HTTP' middleware...
[2024-9-4 14:51:1] [INFO] Booting the 'Views' middleware...
[2024-9-4 14:51:1] [INFO] Booting the 'Views' middleware...
[2024-9-4 14:51:1] [INFO] Routes :: Mounting API Routes...
[2024-9-4 14:51:1] [INFO] Connected to MySQL server at: 
[2024-9-4 14:51:6] [INFO] Booting the 'CORS' middleware...
[2024-9-4 14:51:6] [INFO] Booting the 'HTTP' middleware...
[2024-9-4 14:51:6] [INFO] Booting the 'Views' middleware...
[2024-9-4 14:51:6] [INFO] Booting the 'Views' middleware...
[2024-9-4 14:51:6] [INFO] Routes :: Mounting API Routes...
[2024-9-4 14:51:6] [INFO] Connected to MySQL server at: 
[2024-9-4 14:51:9] [INFO] Booting the 'CORS' middleware...
[2024-9-4 14:51:9] [INFO] Booting the 'HTTP' middleware...
[2024-9-4 14:51:9] [INFO] Booting the 'Views' middleware...
[2024-9-4 14:51:9] [INFO] Routes :: Mounting API Routes...
[2024-9-4 14:51:9] [INFO] Booting the 'Views' middleware...
[2024-9-4 14:51:9] [INFO] Connected to MySQL server at: 
[2024-9-4 14:51:17] [INFO] Booting the 'CORS' middleware...
[2024-9-4 14:51:17] [INFO] Booting the 'HTTP' middleware...
[2024-9-4 14:51:17] [INFO] Booting the 'Views' middleware...
[2024-9-4 14:51:17] [INFO] Routes :: Mounting API Routes...
[2024-9-4 14:51:17] [INFO] Booting the 'Views' middleware...
[2024-9-4 14:51:17] [INFO] Connected to MySQL server at: 
[2024-9-4 14:51:37] [INFO] Booting the 'CORS' middleware...
[2024-9-4 14:51:37] [INFO] Booting the 'HTTP' middleware...
[2024-9-4 14:51:37] [INFO] Booting the 'Views' middleware...
[2024-9-4 14:51:37] [INFO] Booting the 'Views' middleware...
[2024-9-4 14:51:37] [INFO] Routes :: Mounting API Routes...
[2024-9-4 14:51:37] [INFO] Connected to MySQL server at: 
[2024-9-4 14:52:58] [INFO] Booting the 'HTTP' middleware...
[2024-9-4 14:52:58] [INFO] Booting the 'CORS' middleware...
[2024-9-4 14:52:58] [INFO] Booting the 'Views' middleware...
[2024-9-4 14:52:58] [INFO] Routes :: Mounting API Routes...
[2024-9-4 14:52:58] [INFO] Booting the 'Views' middleware...
[2024-9-4 14:52:58] [INFO] Connected to MySQL server at: 
[2024-9-4 14:52:59] [INFO] Booting the 'CORS' middleware...
[2024-9-4 14:52:59] [INFO] Booting the 'HTTP' middleware...
[2024-9-4 14:52:59] [INFO] Booting the 'Views' middleware...
[2024-9-4 14:52:59] [INFO] Booting the 'Views' middleware...
[2024-9-4 14:52:59] [INFO] Routes :: Mounting API Routes...
[2024-9-4 14:52:59] [INFO] Connected to MySQL server at: 
[2024-9-4 14:54:13] [INFO] Booting the 'CORS' middleware...
[2024-9-4 14:54:13] [INFO] Booting the 'HTTP' middleware...
[2024-9-4 14:54:13] [INFO] Booting the 'Views' middleware...
[2024-9-4 14:54:13] [INFO] Booting the 'Views' middleware...
[2024-9-4 14:54:13] [INFO] Routes :: Mounting API Routes...
[2024-9-4 14:54:13] [INFO] Connected to MySQL server at: 
[2024-9-4 14:54:57] [INFO] Booting the 'HTTP' middleware...
[2024-9-4 14:54:57] [INFO] Booting the 'CORS' middleware...
[2024-9-4 14:54:57] [INFO] Booting the 'Views' middleware...
[2024-9-4 14:54:57] [INFO] Booting the 'Views' middleware...
[2024-9-4 14:54:57] [INFO] Routes :: Mounting API Routes...
[2024-9-4 14:54:57] [INFO] Connected to MySQL server at: 
[2024-9-4 14:55:17] [INFO] Booting the 'CORS' middleware...
[2024-9-4 14:55:17] [INFO] Booting the 'HTTP' middleware...
[2024-9-4 14:55:17] [INFO] Booting the 'Views' middleware...
[2024-9-4 14:55:17] [INFO] Booting the 'Views' middleware...
[2024-9-4 14:55:17] [INFO] Routes :: Mounting API Routes...
[2024-9-4 14:55:17] [INFO] Connected to MySQL server at: 
[2024-9-4 14:55:45] [INFO] Booting the 'CORS' middleware...
[2024-9-4 14:55:45] [INFO] Booting the 'HTTP' middleware...
[2024-9-4 14:55:45] [INFO] Booting the 'Views' middleware...
[2024-9-4 14:55:45] [INFO] Booting the 'Views' middleware...
[2024-9-4 14:55:45] [INFO] Routes :: Mounting API Routes...
[2024-9-4 14:55:45] [INFO] Connected to MySQL server at: 
[2024-9-4 14:57:4] [INFO] Booting the 'CORS' middleware...
[2024-9-4 14:57:4] [INFO] Booting the 'HTTP' middleware...
[2024-9-4 14:57:4] [INFO] Booting the 'Views' middleware...
[2024-9-4 14:57:4] [INFO] Booting the 'Views' middleware...
[2024-9-4 14:57:4] [INFO] Routes :: Mounting API Routes...
[2024-9-4 14:57:4] [INFO] Connected to MySQL server at: 
[2024-9-4 14:57:29] [INFO] Booting the 'CORS' middleware...
[2024-9-4 14:57:29] [INFO] Booting the 'HTTP' middleware...
[2024-9-4 14:57:29] [INFO] Booting the 'Views' middleware...
[2024-9-4 14:57:29] [INFO] Booting the 'Views' middleware...
[2024-9-4 14:57:29] [INFO] Routes :: Mounting API Routes...
[2024-9-4 14:57:29] [INFO] Connected to MySQL server at: 
[2024-9-4 14:57:34] [INFO] Booting the 'CORS' middleware...
[2024-9-4 14:57:34] [INFO] Booting the 'HTTP' middleware...
[2024-9-4 14:57:34] [INFO] Booting the 'Views' middleware...
[2024-9-4 14:57:34] [INFO] Routes :: Mounting API Routes...
[2024-9-4 14:57:34] [INFO] Booting the 'Views' middleware...
[2024-9-4 14:57:34] [INFO] Connected to MySQL server at: 
[2024-9-4 14:57:50] [INFO] Booting the 'CORS' middleware...
[2024-9-4 14:57:50] [INFO] Booting the 'HTTP' middleware...
[2024-9-4 14:57:50] [INFO] Booting the 'Views' middleware...
[2024-9-4 14:57:50] [INFO] Routes :: Mounting API Routes...
[2024-9-4 14:57:50] [INFO] Booting the 'Views' middleware...
[2024-9-4 14:57:50] [INFO] Connected to MySQL server at: 
[2024-9-4 14:57:55] [INFO] Booting the 'CORS' middleware...
[2024-9-4 14:57:55] [INFO] Booting the 'HTTP' middleware...
[2024-9-4 14:57:55] [INFO] Booting the 'Views' middleware...
[2024-9-4 14:57:55] [INFO] Booting the 'Views' middleware...
[2024-9-4 14:57:55] [INFO] Routes :: Mounting API Routes...
[2024-9-4 14:57:55] [INFO] Connected to MySQL server at: 
[2024-9-4 14:58:17] [INFO] Booting the 'CORS' middleware...
[2024-9-4 14:58:17] [INFO] Booting the 'HTTP' middleware...
[2024-9-4 14:58:17] [INFO] Booting the 'Views' middleware...
[2024-9-4 14:58:17] [INFO] Booting the 'Views' middleware...
[2024-9-4 14:58:17] [INFO] Routes :: Mounting API Routes...
[2024-9-4 14:58:17] [INFO] Connected to MySQL server at: 
[2024-9-4 14:58:41] [INFO] Booting the 'CORS' middleware...
[2024-9-4 14:58:41] [INFO] Booting the 'HTTP' middleware...
[2024-9-4 14:58:41] [INFO] Booting the 'Views' middleware...
[2024-9-4 14:58:41] [INFO] Booting the 'Views' middleware...
[2024-9-4 14:58:41] [INFO] Routes :: Mounting API Routes...
[2024-9-4 14:58:41] [INFO] Connected to MySQL server at: 
[2024-9-4 14:58:42] [INFO] Booting the 'CORS' middleware...
[2024-9-4 14:58:42] [INFO] Booting the 'HTTP' middleware...
[2024-9-4 14:58:42] [INFO] Booting the 'Views' middleware...
[2024-9-4 14:58:42] [INFO] Booting the 'Views' middleware...
[2024-9-4 14:58:42] [INFO] Routes :: Mounting API Routes...
[2024-9-4 14:58:42] [INFO] Connected to MySQL server at: 
[2024-9-4 14:58:55] [INFO] Booting the 'CORS' middleware...
[2024-9-4 14:58:55] [INFO] Booting the 'HTTP' middleware...
[2024-9-4 14:58:55] [INFO] Booting the 'Views' middleware...
[2024-9-4 14:58:55] [INFO] Routes :: Mounting API Routes...
[2024-9-4 14:58:55] [INFO] Booting the 'Views' middleware...
[2024-9-4 14:58:55] [INFO] Connected to MySQL server at: 
[2024-9-4 14:59:31] [INFO] Booting the 'CORS' middleware...
[2024-9-4 14:59:31] [INFO] Booting the 'HTTP' middleware...
[2024-9-4 14:59:31] [INFO] Booting the 'Views' middleware...
[2024-9-4 14:59:31] [INFO] Booting the 'Views' middleware...
[2024-9-4 14:59:31] [INFO] Routes :: Mounting API Routes...
[2024-9-4 14:59:31] [INFO] Connected to MySQL server at: 
[2024-9-4 14:59:50] [INFO] Booting the 'CORS' middleware...
[2024-9-4 14:59:50] [INFO] Booting the 'HTTP' middleware...
[2024-9-4 14:59:50] [INFO] Booting the 'Views' middleware...
[2024-9-4 14:59:50] [INFO] Booting the 'Views' middleware...
[2024-9-4 14:59:50] [INFO] Routes :: Mounting API Routes...
[2024-9-4 14:59:50] [INFO] Connected to MySQL server at: 
[2024-9-4 15:0:8] [INFO] Booting the 'CORS' middleware...
[2024-9-4 15:0:8] [INFO] Booting the 'HTTP' middleware...
[2024-9-4 15:0:8] [INFO] Booting the 'Views' middleware...
[2024-9-4 15:0:8] [INFO] Booting the 'Views' middleware...
[2024-9-4 15:0:8] [INFO] Routes :: Mounting API Routes...
[2024-9-4 15:0:8] [INFO] Connected to MySQL server at: 
[2024-9-4 15:0:13] [INFO] Booting the 'CORS' middleware...
[2024-9-4 15:0:13] [INFO] Booting the 'HTTP' middleware...
[2024-9-4 15:0:13] [INFO] Booting the 'Views' middleware...
[2024-9-4 15:0:13] [INFO] Booting the 'Views' middleware...
[2024-9-4 15:0:13] [INFO] Routes :: Mounting API Routes...
[2024-9-4 15:0:13] [INFO] Connected to MySQL server at: 
[2024-9-4 15:0:14] [INFO] Booting the 'CORS' middleware...
[2024-9-4 15:0:14] [INFO] Booting the 'HTTP' middleware...
[2024-9-4 15:0:14] [INFO] Booting the 'Views' middleware...
[2024-9-4 15:0:14] [INFO] Booting the 'Views' middleware...
[2024-9-4 15:0:14] [INFO] Routes :: Mounting API Routes...
[2024-9-4 15:0:14] [INFO] Connected to MySQL server at: 
[2024-9-4 15:0:35] [INFO] Booting the 'CORS' middleware...
[2024-9-4 15:0:35] [INFO] Booting the 'HTTP' middleware...
[2024-9-4 15:0:35] [INFO] Booting the 'Views' middleware...
[2024-9-4 15:0:35] [INFO] Booting the 'Views' middleware...
[2024-9-4 15:0:35] [INFO] Routes :: Mounting API Routes...
[2024-9-4 15:0:35] [INFO] Connected to MySQL server at: 
[2024-9-4 15:3:41] [INFO] Booting the 'HTTP' middleware...
[2024-9-4 15:3:41] [INFO] Booting the 'CORS' middleware...
[2024-9-4 15:3:41] [INFO] Booting the 'Views' middleware...
[2024-9-4 15:3:41] [INFO] Booting the 'Views' middleware...
[2024-9-4 15:3:41] [INFO] Routes :: Mounting API Routes...
[2024-9-4 15:3:41] [INFO] Connected to MySQL server at: 
[2024-9-4 15:3:43] [INFO] Booting the 'HTTP' middleware...
[2024-9-4 15:3:43] [INFO] Booting the 'CORS' middleware...
[2024-9-4 15:3:43] [INFO] Booting the 'Views' middleware...
[2024-9-4 15:3:43] [INFO] Booting the 'Views' middleware...
[2024-9-4 15:3:43] [INFO] Routes :: Mounting API Routes...
[2024-9-4 15:3:43] [INFO] Connected to MySQL server at: 
[2024-9-4 15:5:51] [INFO] Booting the 'CORS' middleware...
[2024-9-4 15:5:51] [INFO] Booting the 'HTTP' middleware...
[2024-9-4 15:5:51] [INFO] Booting the 'Views' middleware...
[2024-9-4 15:5:51] [INFO] Booting the 'Views' middleware...
[2024-9-4 15:5:51] [INFO] Routes :: Mounting API Routes...
[2024-9-4 15:5:51] [INFO] Connected to MySQL server at: 
[2024-9-4 15:6:0] [INFO] Booting the 'CORS' middleware...
[2024-9-4 15:6:0] [INFO] Booting the 'HTTP' middleware...
[2024-9-4 15:6:0] [INFO] Booting the 'Views' middleware...
[2024-9-4 15:6:0] [INFO] Booting the 'Views' middleware...
[2024-9-4 15:6:0] [INFO] Routes :: Mounting API Routes...
[2024-9-4 15:6:0] [INFO] Connected to MySQL server at: 
[2024-9-4 15:6:15] [INFO] Booting the 'HTTP' middleware...
[2024-9-4 15:6:15] [INFO] Booting the 'CORS' middleware...
[2024-9-4 15:6:15] [INFO] Booting the 'Views' middleware...
[2024-9-4 15:6:15] [INFO] Booting the 'Views' middleware...
[2024-9-4 15:6:15] [INFO] Routes :: Mounting API Routes...
[2024-9-4 15:6:15] [INFO] Connected to MySQL server at: 
[2024-9-4 15:6:16] [INFO] Booting the 'CORS' middleware...
[2024-9-4 15:6:16] [INFO] Booting the 'HTTP' middleware...
[2024-9-4 15:6:16] [INFO] Booting the 'Views' middleware...
[2024-9-4 15:6:16] [INFO] Booting the 'Views' middleware...
[2024-9-4 15:6:16] [INFO] Routes :: Mounting API Routes...
[2024-9-4 15:6:16] [INFO] Connected to MySQL server at: 
[2024-9-4 15:6:51] [INFO] Booting the 'CORS' middleware...
[2024-9-4 15:6:51] [INFO] Booting the 'HTTP' middleware...
[2024-9-4 15:6:51] [INFO] Booting the 'Views' middleware...
[2024-9-4 15:6:51] [INFO] Booting the 'Views' middleware...
[2024-9-4 15:6:51] [INFO] Routes :: Mounting API Routes...
[2024-9-4 15:6:51] [INFO] Connected to MySQL server at: 
[2024-9-4 15:6:56] [INFO] Booting the 'CORS' middleware...
[2024-9-4 15:6:56] [INFO] Booting the 'HTTP' middleware...
[2024-9-4 15:6:56] [INFO] Booting the 'Views' middleware...
[2024-9-4 15:6:56] [INFO] Booting the 'Views' middleware...
[2024-9-4 15:6:56] [INFO] Routes :: Mounting API Routes...
[2024-9-4 15:6:56] [INFO] Connected to MySQL server at: 
[2024-9-4 15:6:57] [INFO] Booting the 'CORS' middleware...
[2024-9-4 15:6:57] [INFO] Booting the 'HTTP' middleware...
[2024-9-4 15:6:57] [INFO] Booting the 'Views' middleware...
[2024-9-4 15:6:57] [INFO] Booting the 'Views' middleware...
[2024-9-4 15:6:57] [INFO] Routes :: Mounting API Routes...
[2024-9-4 15:6:57] [INFO] Connected to MySQL server at: 
[2024-9-4 15:9:8] [INFO] Booting the 'CORS' middleware...
[2024-9-4 15:9:8] [INFO] Booting the 'HTTP' middleware...
[2024-9-4 15:9:8] [INFO] Booting the 'Views' middleware...
[2024-9-4 15:9:8] [INFO] Booting the 'Views' middleware...
[2024-9-4 15:9:8] [INFO] Routes :: Mounting API Routes...
[2024-9-4 15:9:8] [INFO] Connected to MySQL server at: 
[2024-9-4 15:10:8] [INFO] Booting the 'CORS' middleware...
[2024-9-4 15:10:8] [INFO] Booting the 'HTTP' middleware...
[2024-9-4 15:10:8] [INFO] Booting the 'Views' middleware...
[2024-9-4 15:10:8] [INFO] Routes :: Mounting API Routes...
[2024-9-4 15:10:8] [INFO] Booting the 'Views' middleware...
[2024-9-4 15:10:8] [INFO] Connected to MySQL server at: 
[2024-9-4 15:10:22] [INFO] Booting the 'CORS' middleware...
[2024-9-4 15:10:22] [INFO] Booting the 'HTTP' middleware...
[2024-9-4 15:10:22] [INFO] Booting the 'Views' middleware...
[2024-9-4 15:10:22] [INFO] Booting the 'Views' middleware...
[2024-9-4 15:10:22] [INFO] Routes :: Mounting API Routes...
[2024-9-4 15:10:22] [INFO] Connected to MySQL server at: 
[2024-9-4 15:10:39] [INFO] Booting the 'CORS' middleware...
[2024-9-4 15:10:39] [INFO] Booting the 'HTTP' middleware...
[2024-9-4 15:10:39] [INFO] Booting the 'Views' middleware...
[2024-9-4 15:10:39] [INFO] Booting the 'Views' middleware...
[2024-9-4 15:10:39] [INFO] Routes :: Mounting API Routes...
[2024-9-4 15:10:39] [INFO] Connected to MySQL server at: 
[2024-9-4 15:10:43] [INFO] Booting the 'CORS' middleware...
[2024-9-4 15:10:43] [INFO] Booting the 'HTTP' middleware...
[2024-9-4 15:10:43] [INFO] Booting the 'Views' middleware...
[2024-9-4 15:10:43] [INFO] Routes :: Mounting API Routes...
[2024-9-4 15:10:43] [INFO] Booting the 'Views' middleware...
[2024-9-4 15:10:43] [INFO] Connected to MySQL server at: 
[2024-9-4 15:10:44] [INFO] Booting the 'CORS' middleware...
[2024-9-4 15:10:44] [INFO] Booting the 'HTTP' middleware...
[2024-9-4 15:10:44] [INFO] Booting the 'Views' middleware...
[2024-9-4 15:10:44] [INFO] Booting the 'Views' middleware...
[2024-9-4 15:10:44] [INFO] Routes :: Mounting API Routes...
[2024-9-4 15:10:44] [INFO] Connected to MySQL server at: 
[2024-9-4 15:12:39] [INFO] Booting the 'CORS' middleware...
[2024-9-4 15:12:39] [INFO] Booting the 'HTTP' middleware...
[2024-9-4 15:12:39] [INFO] Routes :: Mounting API Routes...
[2024-9-4 15:12:39] [INFO] Booting the 'Views' middleware...
[2024-9-4 15:12:39] [INFO] Booting the 'Views' middleware...
[2024-9-4 15:32:32] [INFO] Booting the 'CORS' middleware...
[2024-9-4 15:32:32] [INFO] Booting the 'HTTP' middleware...
[2024-9-4 15:32:32] [INFO] Booting the 'Views' middleware...
[2024-9-4 15:32:32] [INFO] Booting the 'Views' middleware...
[2024-9-4 15:32:32] [INFO] Routes :: Mounting API Routes...
[2024-9-4 15:32:45] [INFO] Booting the 'CORS' middleware...
[2024-9-4 15:32:45] [INFO] Booting the 'HTTP' middleware...
[2024-9-4 15:32:45] [INFO] Booting the 'Views' middleware...
[2024-9-4 15:32:45] [INFO] Booting the 'Views' middleware...
[2024-9-4 15:32:45] [INFO] Routes :: Mounting API Routes...
[2024-9-4 15:32:56] [INFO] Booting the 'CORS' middleware...
[2024-9-4 15:32:56] [INFO] Booting the 'HTTP' middleware...
[2024-9-4 15:32:56] [INFO] Routes :: Mounting API Routes...
[2024-9-4 15:32:56] [INFO] Booting the 'Views' middleware...
[2024-9-4 15:32:56] [INFO] Booting the 'Views' middleware...
[2024-9-4 15:33:31] [INFO] Booting the 'CORS' middleware...
[2024-9-4 15:33:31] [INFO] Booting the 'HTTP' middleware...
[2024-9-4 15:33:31] [INFO] Booting the 'Views' middleware...
[2024-9-4 15:33:31] [INFO] Routes :: Mounting API Routes...
[2024-9-4 15:33:31] [INFO] Booting the 'Views' middleware...
[2024-9-4 15:33:46] [INFO] Booting the 'CORS' middleware...
[2024-9-4 15:33:46] [INFO] Booting the 'HTTP' middleware...
[2024-9-4 15:33:46] [INFO] Booting the 'Views' middleware...
[2024-9-4 15:33:46] [INFO] Booting the 'Views' middleware...
[2024-9-4 15:33:46] [INFO] Routes :: Mounting API Routes...
[2024-9-4 15:35:18] [INFO] Booting the 'CORS' middleware...
[2024-9-4 15:35:18] [INFO] Booting the 'Views' middleware...
[2024-9-4 15:35:18] [INFO] Booting the 'HTTP' middleware...
[2024-9-4 15:35:18] [INFO] Booting the 'Views' middleware...
[2024-9-4 15:35:18] [INFO] Routes :: Mounting API Routes...
[2024-9-4 15:35:27] [INFO] Booting the 'CORS' middleware...
[2024-9-4 15:35:27] [INFO] Booting the 'Views' middleware...
[2024-9-4 15:35:27] [INFO] Booting the 'HTTP' middleware...
[2024-9-4 15:35:27] [INFO] Routes :: Mounting API Routes...
[2024-9-4 15:35:27] [INFO] Booting the 'Views' middleware...
[2024-9-4 15:35:47] [INFO] Booting the 'CORS' middleware...
[2024-9-4 15:35:47] [INFO] Booting the 'Views' middleware...
[2024-9-4 15:35:47] [INFO] Booting the 'HTTP' middleware...
[2024-9-4 15:35:47] [INFO] Booting the 'Views' middleware...
[2024-9-4 15:35:47] [INFO] Routes :: Mounting API Routes...
[2024-9-4 15:35:50] [INFO] Booting the 'CORS' middleware...
[2024-9-4 15:35:50] [INFO] Booting the 'Views' middleware...
[2024-9-4 15:35:50] [INFO] Booting the 'Views' middleware...
[2024-9-4 15:35:50] [INFO] Booting the 'HTTP' middleware...
[2024-9-4 15:35:50] [INFO] Routes :: Mounting API Routes...
[2024-9-4 15:36:9] [INFO] Booting the 'CORS' middleware...
[2024-9-4 15:36:9] [INFO] Booting the 'HTTP' middleware...
[2024-9-4 15:36:9] [INFO] Booting the 'Views' middleware...
[2024-9-4 15:36:9] [INFO] Routes :: Mounting API Routes...
[2024-9-4 15:36:9] [INFO] Booting the 'Views' middleware...
[2024-9-4 15:37:3] [INFO] Booting the 'CORS' middleware...
[2024-9-4 15:37:3] [INFO] Booting the 'Views' middleware...
[2024-9-4 15:37:3] [INFO] Booting the 'HTTP' middleware...
[2024-9-4 15:37:3] [INFO] Booting the 'Views' middleware...
[2024-9-4 15:37:3] [INFO] Routes :: Mounting API Routes...
[2024-9-4 15:37:7] [INFO] Booting the 'CORS' middleware...
[2024-9-4 15:37:7] [INFO] Booting the 'Views' middleware...
[2024-9-4 15:37:7] [INFO] Booting the 'HTTP' middleware...
[2024-9-4 15:37:7] [INFO] Routes :: Mounting API Routes...
[2024-9-4 15:37:7] [INFO] Booting the 'Views' middleware...
[2024-9-4 15:37:8] [INFO] Booting the 'CORS' middleware...
[2024-9-4 15:37:8] [INFO] Booting the 'HTTP' middleware...
[2024-9-4 15:37:8] [INFO] Booting the 'Views' middleware...
[2024-9-4 15:37:8] [INFO] Routes :: Mounting API Routes...
[2024-9-4 15:37:8] [INFO] Booting the 'Views' middleware...
[2024-9-4 15:38:25] [INFO] Booting the 'HTTP' middleware...
[2024-9-4 15:38:25] [INFO] Booting the 'Views' middleware...
[2024-9-4 15:38:25] [INFO] Booting the 'CORS' middleware...
[2024-9-4 15:38:25] [INFO] Booting the 'Views' middleware...
[2024-9-4 15:38:25] [INFO] Routes :: Mounting API Routes...
[2024-9-4 15:38:26] [INFO] Booting the 'CORS' middleware...
[2024-9-4 15:38:26] [INFO] Booting the 'Views' middleware...
[2024-9-4 15:38:26] [INFO] Booting the 'HTTP' middleware...
[2024-9-4 15:38:26] [INFO] Booting the 'Views' middleware...
[2024-9-4 15:38:26] [INFO] Routes :: Mounting API Routes...
